c:\users\vkhanieva\source\repos\string-searching-algorithms\string-searching-algorithms\x64\release\string-searching-algorithms.pch
c:\users\vkhanieva\source\repos\string-searching-algorithms\string-searching-algorithms\x64\release\vc141.pdb
c:\users\vkhanieva\source\repos\string-searching-algorithms\string-searching-algorithms\x64\release\pch.obj
c:\users\vkhanieva\source\repos\string-searching-algorithms\string-searching-algorithms\x64\release\string-searching-algorithms.obj
c:\users\vkhanieva\source\repos\string-searching-algorithms\string-searching-algorithms\x64\release\boyer-moore-horspool.obj
c:\users\vkhanieva\source\repos\string-searching-algorithms\string-searching-algorithms\x64\release\boyer-moore-horspool+raita.obj
c:\users\vkhanieva\source\repos\string-searching-algorithms\string-searching-algorithms\x64\release\rabin-karp.obj
c:\users\vkhanieva\source\repos\string-searching-algorithms\string-searching-algorithms\x64\release\tables.obj
c:\users\vkhanieva\source\repos\string-searching-algorithms\string-searching-algorithms\x64\release\searchutils.obj
c:\users\vkhanieva\source\repos\string-searching-algorithms\string-searching-algorithms\x64\release\naive.obj
c:\users\vkhanieva\source\repos\string-searching-algorithms\string-searching-algorithms\x64\release\knuth-morris-pratt.obj
c:\users\vkhanieva\source\repos\string-searching-algorithms\string-searching-algorithms\x64\release\boyer-moore.obj
c:\users\vkhanieva\source\repos\string-searching-algorithms\x64\release\string-searching-algorithms.exe
c:\users\vkhanieva\source\repos\string-searching-algorithms\x64\release\string-searching-algorithms.pdb
c:\users\vkhanieva\source\repos\string-searching-algorithms\string-searching-algorithms\x64\release\string-s.1a4dfd5b.tlog\cl.command.1.tlog
c:\users\vkhanieva\source\repos\string-searching-algorithms\string-searching-algorithms\x64\release\string-s.1a4dfd5b.tlog\cl.read.1.tlog
c:\users\vkhanieva\source\repos\string-searching-algorithms\string-searching-algorithms\x64\release\string-s.1a4dfd5b.tlog\cl.write.1.tlog
c:\users\vkhanieva\source\repos\string-searching-algorithms\string-searching-algorithms\x64\release\string-s.1a4dfd5b.tlog\link.command.1.tlog
c:\users\vkhanieva\source\repos\string-searching-algorithms\string-searching-algorithms\x64\release\string-s.1a4dfd5b.tlog\link.read.1.tlog
c:\users\vkhanieva\source\repos\string-searching-algorithms\string-searching-algorithms\x64\release\string-s.1a4dfd5b.tlog\link.write.1.tlog
