c:\users\vkhanieva\source\repos\string-searching-algorithms\string-searching-algorithms\debug\vc141.pdb
c:\users\vkhanieva\source\repos\string-searching-algorithms\string-searching-algorithms\debug\vc141.idb
c:\users\vkhanieva\source\repos\string-searching-algorithms\string-searching-algorithms\debug\tables.obj
c:\users\vkhanieva\source\repos\string-searching-algorithms\string-searching-algorithms\debug\string-searching-algorithms.obj
c:\users\vkhanieva\source\repos\string-searching-algorithms\string-searching-algorithms\debug\naive.obj
c:\users\vkhanieva\source\repos\string-searching-algorithms\string-searching-algorithms\debug\knuth-morris-pratt.obj
c:\users\vkhanieva\source\repos\string-searching-algorithms\string-searching-algorithms\debug\boyer-moore.obj
c:\users\vkhanieva\source\repos\string-searching-algorithms\string-searching-algorithms\debug\boyer-moore-horspool.obj
c:\users\vkhanieva\source\repos\string-searching-algorithms\string-searching-algorithms\debug\boyer-moore-horspool+raita.obj
c:\users\vkhanieva\source\repos\string-searching-algorithms\string-searching-algorithms\debug\string-searching-algorithms.pch
c:\users\vkhanieva\source\repos\string-searching-algorithms\string-searching-algorithms\debug\pch.obj
c:\users\vkhanieva\source\repos\string-searching-algorithms\string-searching-algorithms\debug\rabin-karp.obj
c:\users\vkhanieva\source\repos\string-searching-algorithms\debug\string-searching-algorithms.exe
c:\users\vkhanieva\source\repos\string-searching-algorithms\debug\string-searching-algorithms.ilk
c:\users\vkhanieva\source\repos\string-searching-algorithms\debug\string-searching-algorithms.pdb
c:\users\vkhanieva\source\repos\string-searching-algorithms\string-searching-algorithms\debug\rabin-karp.new.obj.enc
c:\users\vkhanieva\source\repos\string-searching-algorithms\string-searching-algorithms\debug\string-s.1a4dfd5b.tlog\cl.command.1.tlog
c:\users\vkhanieva\source\repos\string-searching-algorithms\string-searching-algorithms\debug\string-s.1a4dfd5b.tlog\cl.read.1.tlog
c:\users\vkhanieva\source\repos\string-searching-algorithms\string-searching-algorithms\debug\string-s.1a4dfd5b.tlog\cl.write.1.tlog
c:\users\vkhanieva\source\repos\string-searching-algorithms\string-searching-algorithms\debug\string-s.1a4dfd5b.tlog\link.command.1.tlog
c:\users\vkhanieva\source\repos\string-searching-algorithms\string-searching-algorithms\debug\string-s.1a4dfd5b.tlog\link.read.1.tlog
c:\users\vkhanieva\source\repos\string-searching-algorithms\string-searching-algorithms\debug\string-s.1a4dfd5b.tlog\link.write.1.tlog
